11-18-2017 @ 19:26:18 - ====Start Log November 18, 2017 7:26pm====
Getting All Square Inventory
====End Log November 18, 2017 7:26pm (0)====


11-19-2017 @ 13:56:53 - ====Start Log November 19, 2017 1:56pm====
Getting All Square Inventory
====End Log November 19, 2017 1:56pm (0.02)====


11-19-2017 @ 23:50:13 - ====Start Log November 19, 2017 11:50pm====
Getting All Square Inventory
====End Log November 19, 2017 11:50pm (0.02)====


11-20-2017 @ 12:04:59 - ====Start Log November 20, 2017 12:04pm====
Getting All Square Inventory
====End Log November 20, 2017 12:04pm (0)====


11-20-2017 @ 14:43:41 - ====Start Log November 20, 2017 2:43pm====
Getting All Square Inventory
====End Log November 20, 2017 2:43pm (0.02)====


11-20-2017 @ 15:35:04 - ====Start Log November 20, 2017 3:35pm====
Getting All Square Inventory
====End Log November 20, 2017 3:35pm (0)====


11-20-2017 @ 22:08:43 - ====Start Log November 20, 2017 10:08pm====
Getting All Square Inventory
====End Log November 20, 2017 10:08pm (0)====


11-20-2017 @ 22:40:35 - ====Start Log November 20, 2017 10:40pm====
Getting All Square Inventory
====End Log November 20, 2017 10:40pm (0)====


11-21-2017 @ 05:03:08 - ====Start Log November 21, 2017 5:03am====
Getting All Square Inventory
====End Log November 21, 2017 5:03am (0)====


11-21-2017 @ 08:44:32 - ====Start Log November 21, 2017 8:44am====
Getting All Square Inventory
====End Log November 21, 2017 8:44am (0.02)====


11-21-2017 @ 14:40:55 - ====Start Log November 21, 2017 2:40pm====
Getting All Square Inventory
====End Log November 21, 2017 2:40pm (0)====


11-22-2017 @ 13:49:36 - ====Start Log November 22, 2017 1:49pm====
Getting All Square Inventory
====End Log November 22, 2017 1:49pm (0)====


11-22-2017 @ 16:20:03 - ====Start Log November 22, 2017 4:20pm====
Getting All Square Inventory
====End Log November 22, 2017 4:20pm (0)====


11-22-2017 @ 16:29:56 - ====Start Log November 22, 2017 4:29pm====
Getting All Square Inventory
====End Log November 22, 2017 4:29pm (0)====


11-22-2017 @ 19:53:48 - ====Start Log November 22, 2017 7:53pm====
Getting All Square Inventory
====End Log November 22, 2017 7:53pm (0)====


11-22-2017 @ 20:32:38 - ====Start Log November 22, 2017 8:32pm====
Getting All Square Inventory
====End Log November 22, 2017 8:32pm (0)====


11-22-2017 @ 21:47:19 - ====Start Log November 22, 2017 9:47pm====
Getting All Square Inventory
====End Log November 22, 2017 9:47pm (0.02)====


11-22-2017 @ 22:27:26 - ====Start Log November 22, 2017 10:27pm====
Getting All Square Inventory
====End Log November 22, 2017 10:27pm (0)====


11-22-2017 @ 23:28:51 - ====Start Log November 22, 2017 11:28pm====
Getting All Square Inventory
====End Log November 22, 2017 11:28pm (0)====


11-23-2017 @ 01:11:27 - ====Start Log November 23, 2017 1:11am====
Getting All Square Inventory
====End Log November 23, 2017 1:11am (0.05)====


11-23-2017 @ 01:47:29 - ====Start Log November 23, 2017 1:47am====
Getting All Square Inventory
====End Log November 23, 2017 1:47am (0)====


11-23-2017 @ 21:58:04 - ====Start Log November 23, 2017 9:58pm====
Getting All Square Inventory
====End Log November 23, 2017 9:58pm (0)====


11-27-2017 @ 17:20:46 - ====Start Log November 27, 2017 5:20pm====
Getting All Square Inventory
====End Log November 27, 2017 5:20pm (0)====


11-27-2017 @ 17:38:33 - ====Start Log November 27, 2017 5:38pm====
Getting All Square Inventory
====End Log November 27, 2017 5:38pm (0.02)====


11-27-2017 @ 20:20:48 - ====Start Log November 27, 2017 8:20pm====
Getting All Square Inventory
====End Log November 27, 2017 8:20pm (0.02)====


11-27-2017 @ 20:35:42 - ====Start Log November 27, 2017 8:35pm====
Getting All Square Inventory
====End Log November 27, 2017 8:35pm (0.02)====


11-27-2017 @ 21:22:42 - ====Start Log November 27, 2017 9:22pm====
Getting All Square Inventory
====End Log November 27, 2017 9:22pm (0.02)====


11-27-2017 @ 22:22:27 - ====Start Log November 27, 2017 10:22pm====
Getting All Square Inventory
====End Log November 27, 2017 10:22pm (0)====


11-28-2017 @ 13:22:27 - ====Start Log November 28, 2017 1:22pm====
Getting All Square Inventory
====End Log November 28, 2017 1:22pm (0.02)====


11-28-2017 @ 14:35:52 - ====Start Log November 28, 2017 2:35pm====
Getting All Square Inventory
====End Log November 28, 2017 2:35pm (0.02)====


11-28-2017 @ 15:37:50 - ====Start Log November 28, 2017 3:37pm====
Getting All Square Inventory
====End Log November 28, 2017 3:37pm (0)====


11-28-2017 @ 16:58:40 - ====Start Log November 28, 2017 4:58pm====
Getting All Square Inventory
====End Log November 28, 2017 4:58pm (0.02)====


11-28-2017 @ 17:25:52 - ====Start Log November 28, 2017 5:25pm====
Getting All Square Inventory
====End Log November 28, 2017 5:25pm (0)====


11-28-2017 @ 18:24:52 - ====Start Log November 28, 2017 6:24pm====
Getting All Square Inventory
====End Log November 28, 2017 6:24pm (0)====


11-28-2017 @ 23:10:50 - ====Start Log November 28, 2017 11:10pm====
Getting All Square Inventory
====End Log November 28, 2017 11:10pm (0)====


11-29-2017 @ 16:57:54 - ====Start Log November 29, 2017 4:57pm====
Getting All Square Inventory
====End Log November 29, 2017 4:57pm (0)====


11-29-2017 @ 19:47:08 - ====Start Log November 29, 2017 7:47pm====
Getting All Square Inventory
====End Log November 29, 2017 7:47pm (0)====


11-29-2017 @ 20:28:33 - ====Start Log November 29, 2017 8:28pm====
Getting All Square Inventory
====End Log November 29, 2017 8:28pm (0)====


11-29-2017 @ 21:24:49 - ====Start Log November 29, 2017 9:24pm====
Getting All Square Inventory
====End Log November 29, 2017 9:24pm (0)====


11-29-2017 @ 22:22:29 - ====Start Log November 29, 2017 10:22pm====
Getting All Square Inventory
====End Log November 29, 2017 10:22pm (0)====


11-29-2017 @ 23:22:44 - ====Start Log November 29, 2017 11:22pm====
Getting All Square Inventory
====End Log November 29, 2017 11:22pm (0.02)====


11-30-2017 @ 17:28:27 - ====Start Log November 30, 2017 5:28pm====
Getting All Square Inventory
====End Log November 30, 2017 5:28pm (0.15)====


11-30-2017 @ 18:54:25 - ====Start Log November 30, 2017 6:54pm====
Getting All Square Inventory
====End Log November 30, 2017 6:54pm (0)====


11-30-2017 @ 18:58:53 - ====Start Log November 30, 2017 6:58pm====
Retrieving a Square Product for: 50938662-bc67-4a0c-9dbb-65f241f62fd5
====End Log November 30, 2017 6:58pm (0)====


11-30-2017 @ 18:58:53 - ====Start Log November 30, 2017 6:58pm====
Updating a Square Base Product for: 50938662-bc67-4a0c-9dbb-65f241f62fd5
====End Log November 30, 2017 6:58pm (0)====


11-30-2017 @ 18:58:54 - ====Start Log November 30, 2017 6:58pm====
Updating a Square Product Variation for: 0d45eca0-1771-458e-aafa-2c45466fe69a
====End Log November 30, 2017 6:58pm (0.02)====


11-30-2017 @ 18:58:54 - ====Start Log November 30, 2017 6:58pm====
Getting All Square Inventory
====End Log November 30, 2017 6:58pm (0)====


11-30-2017 @ 18:58:54 - ====Start Log November 30, 2017 6:58pm====
Updating Square Item Image for: 50938662-bc67-4a0c-9dbb-65f241f62fd5
====End Log November 30, 2017 6:58pm (0)====


11-30-2017 @ 18:58:54 - ====Start Log November 30, 2017 6:58pm====
bad_request - Could not create image
====End Log November 30, 2017 6:58pm (0)====


11-30-2017 @ 18:58:54 - ====Start Log====
[WC -> Square] Error updating Product Image for WC Product 1210.
====End Log====


11-30-2017 @ 19:23:00 - ====Start Log November 30, 2017 7:22pm====
Getting All Square Inventory
====End Log November 30, 2017 7:23pm (0.02)====


12-01-2017 @ 15:26:38 - ====Start Log December 1, 2017 3:26pm====
Getting All Square Inventory
====End Log December 1, 2017 3:26pm (0.02)====


12-03-2017 @ 18:44:33 - ====Start Log December 3, 2017 6:44pm====
Getting All Square Inventory
====End Log December 3, 2017 6:44pm (0.02)====


